app/build/intermediates/manifest_merge_blame_file/debug/manifest-merger-blame-debug-report.txt
1<?xml version="1.0" encoding="utf-8"?>
2<manifest xmlns:android="http://schemas.android.com/apk/res/android"
3    package="tech.berjis.lynnescorts"
4    android:versionCode="1"
5    android:versionName="1.0" >
6
7    <uses-sdk
8        android:minSdkVersion="19"
8-->src\main\AndroidManifest.xml
9        android:targetSdkVersion="29" />
9-->src\main\AndroidManifest.xml
10
11    <uses-permission android:name="android.permission.ACCESS_FINE_LOCATION" />
11-->src\main\AndroidManifest.xml:6:5-79
11-->src\main\AndroidManifest.xml:6:22-76
12    <uses-permission android:name="android.permission.INTERNET" />
12-->src\main\AndroidManifest.xml:7:5-67
12-->src\main\AndroidManifest.xml:7:22-64
13    <uses-permission android:name="android.permission.READ_PHONE_STATE" />
13-->src\main\AndroidManifest.xml:8:5-75
13-->src\main\AndroidManifest.xml:8:22-72
14    <uses-permission android:name="android.permission.ACCESS_NETWORK_STATE" />
14-->src\main\AndroidManifest.xml:9:5-79
14-->src\main\AndroidManifest.xml:9:22-76
15    <uses-permission android:name="android.permission.CAMERA" />
15-->src\main\AndroidManifest.xml:10:5-65
15-->src\main\AndroidManifest.xml:10:22-62
16    <uses-permission android:name="android.permission.FLASHLIGHT" />
16-->src\main\AndroidManifest.xml:11:5-69
16-->src\main\AndroidManifest.xml:11:22-66
17    <uses-permission android:name="android.permission.ACCESS_WIFI_STATE" />
17-->src\main\AndroidManifest.xml:12:5-76
17-->src\main\AndroidManifest.xml:12:22-73
18    <uses-permission android:name="android.permission.ACCESS_COARSE_LOCATION" />
18-->src\main\AndroidManifest.xml:13:5-81
18-->src\main\AndroidManifest.xml:13:22-78
19    <uses-permission android:name="android.permission.READ_EXTERNAL_STORAGE" />
19-->src\main\AndroidManifest.xml:14:5-80
19-->src\main\AndroidManifest.xml:14:22-77
20    <uses-permission android:name="android.permission.WRITE_EXTERNAL_STORAGE" />
20-->src\main\AndroidManifest.xml:15:5-81
20-->src\main\AndroidManifest.xml:15:22-78
21
22    <uses-feature android:name="android.hardware.camera.autofocus" />
22-->src\main\AndroidManifest.xml:17:5-70
22-->src\main\AndroidManifest.xml:17:19-67
23
24    <uses-permission android:name="android.permission.WAKE_LOCK" /> <!-- Required by older versions of Google Play services to create IID tokens -->
24-->[com.google.android.gms:play-services-measurement-api:17.4.1] AndroidManifest.xml:24:5-68
24-->[com.google.android.gms:play-services-measurement-api:17.4.1] AndroidManifest.xml:24:22-65
25    <uses-permission android:name="com.google.android.c2dm.permission.RECEIVE" />
25-->[com.google.firebase:firebase-iid:20.1.7] AndroidManifest.xml:26:5-82
25-->[com.google.firebase:firebase-iid:20.1.7] AndroidManifest.xml:26:22-79
26    <uses-permission android:name="com.google.android.finsky.permission.BIND_GET_INSTALL_REFERRER_SERVICE" />
26-->[com.google.android.gms:play-services-measurement:17.4.1] AndroidManifest.xml:26:5-110
26-->[com.google.android.gms:play-services-measurement:17.4.1] AndroidManifest.xml:26:22-107
27
28    <application
28-->src\main\AndroidManifest.xml:19:5-116:19
29        android:name="tech.berjis.lynnescorts.EmojiApplication"
29-->src\main\AndroidManifest.xml:20:9-41
30        android:allowBackup="true"
30-->src\main\AndroidManifest.xml:21:9-35
31        android:appComponentFactory="androidx.core.app.CoreComponentFactory"
31-->[androidx.core:core:1.1.0] AndroidManifest.xml:24:18-86
32        android:debuggable="true"
33        android:icon="@drawable/logo"
33-->src\main\AndroidManifest.xml:22:9-38
34        android:label="@string/app_name"
34-->src\main\AndroidManifest.xml:23:9-41
35        android:roundIcon="@drawable/logo"
35-->src\main\AndroidManifest.xml:24:9-43
36        android:supportsRtl="true"
36-->src\main\AndroidManifest.xml:25:9-35
37        android:testOnly="true"
38        android:theme="@style/AppCustomTheme.NoActionBar" >
38-->src\main\AndroidManifest.xml:26:9-58
39        <activity
39-->src\main\AndroidManifest.xml:27:9-31:56
40            android:name="tech.berjis.lynnescorts.NotificationsActivity"
40-->src\main\AndroidManifest.xml:28:13-50
41            android:screenOrientation="portrait"
41-->src\main\AndroidManifest.xml:29:13-49
42            android:windowSoftInputMode="stateHidden" />
42-->src\main\AndroidManifest.xml:30:13-54
43        <activity
43-->src\main\AndroidManifest.xml:32:9-36:56
44            android:name="tech.berjis.lynnescorts.DMsActivity"
44-->src\main\AndroidManifest.xml:33:13-40
45            android:screenOrientation="portrait"
45-->src\main\AndroidManifest.xml:34:13-49
46            android:windowSoftInputMode="stateHidden" />
46-->src\main\AndroidManifest.xml:35:13-54
47        <activity
47-->src\main\AndroidManifest.xml:37:9-41:56
48            android:name="tech.berjis.lynnescorts.DMActivity"
48-->src\main\AndroidManifest.xml:38:13-39
49            android:screenOrientation="portrait"
49-->src\main\AndroidManifest.xml:39:13-49
50            android:windowSoftInputMode="stateHidden" />
50-->src\main\AndroidManifest.xml:40:13-54
51        <activity
51-->src\main\AndroidManifest.xml:42:9-46:56
52            android:name="tech.berjis.lynnescorts.CreatePost"
52-->src\main\AndroidManifest.xml:43:13-39
53            android:screenOrientation="portrait"
53-->src\main\AndroidManifest.xml:44:13-49
54            android:windowSoftInputMode="stateHidden" />
54-->src\main\AndroidManifest.xml:45:13-54
55        <activity
55-->src\main\AndroidManifest.xml:47:9-51:56
56            android:name="tech.berjis.lynnescorts.AppInfo"
56-->src\main\AndroidManifest.xml:48:13-36
57            android:screenOrientation="portrait"
57-->src\main\AndroidManifest.xml:49:13-49
58            android:windowSoftInputMode="stateHidden" />
58-->src\main\AndroidManifest.xml:50:13-54
59        <activity
59-->src\main\AndroidManifest.xml:52:9-56:56
60            android:name="tech.berjis.lynnescorts.PrivacyActivity"
60-->src\main\AndroidManifest.xml:53:13-44
61            android:screenOrientation="portrait"
61-->src\main\AndroidManifest.xml:54:13-49
62            android:windowSoftInputMode="stateHidden" />
62-->src\main\AndroidManifest.xml:55:13-54
63        <activity
63-->src\main\AndroidManifest.xml:57:9-61:56
64            android:name="tech.berjis.lynnescorts.TermsActivity"
64-->src\main\AndroidManifest.xml:58:13-42
65            android:screenOrientation="portrait"
65-->src\main\AndroidManifest.xml:59:13-49
66            android:windowSoftInputMode="stateHidden" />
66-->src\main\AndroidManifest.xml:60:13-54
67        <activity
67-->src\main\AndroidManifest.xml:62:9-66:56
68            android:name="tech.berjis.lynnescorts.CommentsActivity"
68-->src\main\AndroidManifest.xml:63:13-45
69            android:screenOrientation="portrait"
69-->src\main\AndroidManifest.xml:64:13-49
70            android:windowSoftInputMode="stateHidden" />
70-->src\main\AndroidManifest.xml:65:13-54
71        <activity
71-->src\main\AndroidManifest.xml:67:9-71:56
72            android:name="tech.berjis.lynnescorts.ChangePhoneNumber"
72-->src\main\AndroidManifest.xml:68:13-46
73            android:screenOrientation="portrait"
73-->src\main\AndroidManifest.xml:69:13-49
74            android:windowSoftInputMode="stateHidden" />
74-->src\main\AndroidManifest.xml:70:13-54
75        <activity
75-->src\main\AndroidManifest.xml:72:9-76:56
76            android:name="tech.berjis.lynnescorts.EditProfileActivity"
76-->src\main\AndroidManifest.xml:73:13-48
77            android:screenOrientation="portrait"
77-->src\main\AndroidManifest.xml:74:13-49
78            android:windowSoftInputMode="stateHidden" />
78-->src\main\AndroidManifest.xml:75:13-54
79        <activity
79-->src\main\AndroidManifest.xml:77:9-81:56
80            android:name="tech.berjis.lynnescorts.SettingsActivity"
80-->src\main\AndroidManifest.xml:78:13-45
81            android:screenOrientation="portrait"
81-->src\main\AndroidManifest.xml:79:13-49
82            android:windowSoftInputMode="stateHidden" />
82-->src\main\AndroidManifest.xml:80:13-54
83        <activity
83-->src\main\AndroidManifest.xml:82:9-86:56
84            android:name="tech.berjis.lynnescorts.ProfileActivity"
84-->src\main\AndroidManifest.xml:83:13-44
85            android:screenOrientation="portrait"
85-->src\main\AndroidManifest.xml:84:13-49
86            android:windowSoftInputMode="stateHidden" />
86-->src\main\AndroidManifest.xml:85:13-54
87        <activity
87-->src\main\AndroidManifest.xml:87:9-91:56
88            android:name="tech.berjis.lynnescorts.FeedActivity"
88-->src\main\AndroidManifest.xml:88:13-41
89            android:screenOrientation="portrait"
89-->src\main\AndroidManifest.xml:89:13-49
90            android:windowSoftInputMode="stateHidden" />
90-->src\main\AndroidManifest.xml:90:13-54
91        <activity
91-->src\main\AndroidManifest.xml:92:9-96:56
92            android:name="tech.berjis.lynnescorts.VerifyPhoneActivity"
92-->src\main\AndroidManifest.xml:93:13-48
93            android:screenOrientation="portrait"
93-->src\main\AndroidManifest.xml:94:13-49
94            android:windowSoftInputMode="stateHidden" />
94-->src\main\AndroidManifest.xml:95:13-54
95        <activity
95-->src\main\AndroidManifest.xml:97:9-101:56
96            android:name="tech.berjis.lynnescorts.RegisterActivity"
96-->src\main\AndroidManifest.xml:98:13-45
97            android:screenOrientation="portrait"
97-->src\main\AndroidManifest.xml:99:13-49
98            android:windowSoftInputMode="stateHidden" />
98-->src\main\AndroidManifest.xml:100:13-54
99        <activity
99-->src\main\AndroidManifest.xml:102:9-112:20
100            android:name="tech.berjis.lynnescorts.MainActivity"
100-->src\main\AndroidManifest.xml:103:13-41
101            android:screenOrientation="portrait"
101-->src\main\AndroidManifest.xml:104:13-49
102            android:windowSoftInputMode="stateHidden" >
102-->src\main\AndroidManifest.xml:105:13-54
103            <intent-filter>
103-->src\main\AndroidManifest.xml:107:13-111:29
104                <action android:name="android.intent.action.MAIN" />
104-->src\main\AndroidManifest.xml:108:17-69
104-->src\main\AndroidManifest.xml:108:25-66
105
106                <category android:name="android.intent.category.LAUNCHER" />
106-->src\main\AndroidManifest.xml:110:17-77
106-->src\main\AndroidManifest.xml:110:27-74
107            </intent-filter>
108        </activity>
109        <activity
109-->src\main\AndroidManifest.xml:113:9-115:59
110            android:name="com.theartofdev.edmodo.cropper.CropImageActivity"
110-->src\main\AndroidManifest.xml:114:13-76
111            android:theme="@style/Base.Theme.AppCompat" />
111-->src\main\AndroidManifest.xml:115:13-56
112
113        <service
113-->[com.google.firebase:firebase-inappmessaging-display:19.0.6] AndroidManifest.xml:15:9-21:19
114            android:name="com.google.firebase.components.ComponentDiscoveryService"
114-->[com.google.firebase:firebase-inappmessaging-display:19.0.6] AndroidManifest.xml:16:13-84
115            android:directBootAware="true"
115-->[com.google.firebase:firebase-common:19.3.0] AndroidManifest.xml:34:13-43
116            android:exported="false" >
116-->[com.google.firebase:firebase-inappmessaging-display:19.0.6] AndroidManifest.xml:17:13-37
117            <meta-data
117-->[com.google.firebase:firebase-inappmessaging-display:19.0.6] AndroidManifest.xml:18:13-20:85
118                android:name="com.google.firebase.components:com.google.firebase.inappmessaging.display.FirebaseInAppMessagingDisplayRegistrar"
118-->[com.google.firebase:firebase-inappmessaging-display:19.0.6] AndroidManifest.xml:19:17-144
119                android:value="com.google.firebase.components.ComponentRegistrar" />
119-->[com.google.firebase:firebase-inappmessaging-display:19.0.6] AndroidManifest.xml:20:17-82
120            <meta-data
120-->[com.google.firebase:firebase-auth:19.3.1] AndroidManifest.xml:36:13-38:85
121                android:name="com.google.firebase.components:com.google.firebase.auth.FirebaseAuthRegistrar"
121-->[com.google.firebase:firebase-auth:19.3.1] AndroidManifest.xml:37:17-109
122                android:value="com.google.firebase.components.ComponentRegistrar" />
122-->[com.google.firebase:firebase-auth:19.3.1] AndroidManifest.xml:38:17-82
123            <meta-data
123-->[com.google.firebase:firebase-messaging:20.1.7] AndroidManifest.xml:38:13-40:85
124                android:name="com.google.firebase.components:com.google.firebase.messaging.FirebaseMessagingRegistrar"
124-->[com.google.firebase:firebase-messaging:20.1.7] AndroidManifest.xml:39:17-119
125                android:value="com.google.firebase.components.ComponentRegistrar" />
125-->[com.google.firebase:firebase-messaging:20.1.7] AndroidManifest.xml:40:17-82
126            <meta-data
126-->[com.google.firebase:firebase-database:19.3.0] AndroidManifest.xml:32:13-34:85
127                android:name="com.google.firebase.components:com.google.firebase.database.DatabaseRegistrar"
127-->[com.google.firebase:firebase-database:19.3.0] AndroidManifest.xml:33:17-109
128                android:value="com.google.firebase.components.ComponentRegistrar" />
128-->[com.google.firebase:firebase-database:19.3.0] AndroidManifest.xml:34:17-82
129            <meta-data
129-->[com.google.firebase:firebase-storage:19.1.1] AndroidManifest.xml:33:13-35:85
130                android:name="com.google.firebase.components:com.google.firebase.storage.StorageRegistrar"
130-->[com.google.firebase:firebase-storage:19.1.1] AndroidManifest.xml:34:17-107
131                android:value="com.google.firebase.components.ComponentRegistrar" />
131-->[com.google.firebase:firebase-storage:19.1.1] AndroidManifest.xml:35:17-82
132            <meta-data
132-->[com.google.firebase:firebase-config:19.1.4] AndroidManifest.xml:32:13-34:85
133                android:name="com.google.firebase.components:com.google.firebase.remoteconfig.RemoteConfigRegistrar"
133-->[com.google.firebase:firebase-config:19.1.4] AndroidManifest.xml:33:17-117
134                android:value="com.google.firebase.components.ComponentRegistrar" />
134-->[com.google.firebase:firebase-config:19.1.4] AndroidManifest.xml:34:17-82
135            <meta-data
135-->[com.google.firebase:firebase-functions:19.0.2] AndroidManifest.xml:18:13-20:85
136                android:name="com.google.firebase.components:com.google.firebase.functions.FunctionsRegistrar"
136-->[com.google.firebase:firebase-functions:19.0.2] AndroidManifest.xml:19:17-111
137                android:value="com.google.firebase.components.ComponentRegistrar" />
137-->[com.google.firebase:firebase-functions:19.0.2] AndroidManifest.xml:20:17-82
138            <meta-data
138-->[com.google.firebase:firebase-inappmessaging:19.0.6] AndroidManifest.xml:17:13-19:85
139                android:name="com.google.firebase.components:com.google.firebase.inappmessaging.FirebaseInAppMessagingRegistrar"
139-->[com.google.firebase:firebase-inappmessaging:19.0.6] AndroidManifest.xml:18:17-129
140                android:value="com.google.firebase.components.ComponentRegistrar" />
140-->[com.google.firebase:firebase-inappmessaging:19.0.6] AndroidManifest.xml:19:17-82
141            <meta-data
141-->[com.google.android.gms:play-services-measurement-api:17.4.1] AndroidManifest.xml:30:13-32:85
142                android:name="com.google.firebase.components:com.google.firebase.analytics.connector.internal.AnalyticsConnectorRegistrar"
142-->[com.google.android.gms:play-services-measurement-api:17.4.1] AndroidManifest.xml:31:17-139
143                android:value="com.google.firebase.components.ComponentRegistrar" />
143-->[com.google.android.gms:play-services-measurement-api:17.4.1] AndroidManifest.xml:32:17-82
144            <meta-data
144-->[com.google.firebase:firebase-iid:20.1.7] AndroidManifest.xml:32:13-34:85
145                android:name="com.google.firebase.components:com.google.firebase.iid.Registrar"
145-->[com.google.firebase:firebase-iid:20.1.7] AndroidManifest.xml:33:17-96
146                android:value="com.google.firebase.components.ComponentRegistrar" />
146-->[com.google.firebase:firebase-iid:20.1.7] AndroidManifest.xml:34:17-82
147            <meta-data
147-->[com.google.firebase:firebase-datatransport:17.0.3] AndroidManifest.xml:28:13-30:85
148                android:name="com.google.firebase.components:com.google.firebase.datatransport.TransportRegistrar"
148-->[com.google.firebase:firebase-datatransport:17.0.3] AndroidManifest.xml:29:17-115
149                android:value="com.google.firebase.components.ComponentRegistrar" />
149-->[com.google.firebase:firebase-datatransport:17.0.3] AndroidManifest.xml:30:17-82
150            <meta-data
150-->[com.google.firebase:firebase-installations:16.3.0] AndroidManifest.xml:17:13-19:85
151                android:name="com.google.firebase.components:com.google.firebase.installations.FirebaseInstallationsRegistrar"
151-->[com.google.firebase:firebase-installations:16.3.0] AndroidManifest.xml:18:17-127
152                android:value="com.google.firebase.components.ComponentRegistrar" />
152-->[com.google.firebase:firebase-installations:16.3.0] AndroidManifest.xml:19:17-82
153            <meta-data
153-->[com.google.firebase:firebase-abt:19.0.1] AndroidManifest.xml:13:13-15:85
154                android:name="com.google.firebase.components:com.google.firebase.abt.component.AbtRegistrar"
154-->[com.google.firebase:firebase-abt:19.0.1] AndroidManifest.xml:14:17-109
155                android:value="com.google.firebase.components.ComponentRegistrar" />
155-->[com.google.firebase:firebase-abt:19.0.1] AndroidManifest.xml:15:17-82
156        </service>
157
158        <activity
158-->[com.github.Flutterwave:rave-android:1.0.49.1] AndroidManifest.xml:15:9-19:55
159            android:name="com.flutterwave.raveandroid.RavePayActivity"
159-->[com.github.Flutterwave:rave-android:1.0.49.1] AndroidManifest.xml:16:13-71
160            android:label="@string/app_name"
160-->[com.github.Flutterwave:rave-android:1.0.49.1] AndroidManifest.xml:17:13-45
161            android:screenOrientation="portrait"
161-->[com.github.Flutterwave:rave-android:1.0.49.1] AndroidManifest.xml:18:13-49
162            android:windowSoftInputMode="adjustPan" />
162-->[com.github.Flutterwave:rave-android:1.0.49.1] AndroidManifest.xml:19:13-52
163        <activity
163-->[com.github.Flutterwave:rave-android:1.0.49.1] AndroidManifest.xml:20:9-22:52
164            android:name="com.flutterwave.raveandroid.verification.VerificationActivity"
164-->[com.github.Flutterwave:rave-android:1.0.49.1] AndroidManifest.xml:21:13-89
165            android:screenOrientation="portrait" />
165-->[com.github.Flutterwave:rave-android:1.0.49.1] AndroidManifest.xml:22:13-49
166        <activity
166-->[com.github.Flutterwave:rave-android:1.0.49.1] AndroidManifest.xml:23:9-25:52
167            android:name="com.flutterwave.raveandroid.card.savedcards.SavedCardsActivity"
167-->[com.github.Flutterwave:rave-android:1.0.49.1] AndroidManifest.xml:24:13-90
168            android:screenOrientation="portrait" />
168-->[com.github.Flutterwave:rave-android:1.0.49.1] AndroidManifest.xml:25:13-49
169        <activity
169-->[com.google.firebase:firebase-auth:19.3.1] AndroidManifest.xml:24:9-31:50
170            android:name="com.google.firebase.auth.internal.FederatedSignInActivity"
170-->[com.google.firebase:firebase-auth:19.3.1] AndroidManifest.xml:25:13-85
171            android:excludeFromRecents="true"
171-->[com.google.firebase:firebase-auth:19.3.1] AndroidManifest.xml:26:13-46
172            android:exported="true"
172-->[com.google.firebase:firebase-auth:19.3.1] AndroidManifest.xml:27:13-36
173            android:launchMode="singleTask"
173-->[com.google.firebase:firebase-auth:19.3.1] AndroidManifest.xml:28:13-44
174            android:permission="com.google.firebase.auth.api.gms.permission.LAUNCH_FEDERATED_SIGN_IN"
174-->[com.google.firebase:firebase-auth:19.3.1] AndroidManifest.xml:29:13-102
175            android:theme="@android:style/Theme.Translucent.NoTitleBar" />
175-->[com.google.firebase:firebase-auth:19.3.1] AndroidManifest.xml:30:13-72
176        <!--
177             FirebaseMessagingService performs security checks at runtime,
178             but set to not exported to explicitly avoid allowing another app to call it.
179        -->
180        <service
180-->[com.google.firebase:firebase-messaging:20.1.7] AndroidManifest.xml:28:9-34:19
181            android:name="com.google.firebase.messaging.FirebaseMessagingService"
181-->[com.google.firebase:firebase-messaging:20.1.7] AndroidManifest.xml:29:13-82
182            android:exported="false" >
182-->[com.google.firebase:firebase-messaging:20.1.7] AndroidManifest.xml:30:13-37
183            <intent-filter android:priority="-500" >
183-->[com.google.firebase:firebase-messaging:20.1.7] AndroidManifest.xml:31:13-33:29
183-->[com.google.firebase:firebase-messaging:20.1.7] AndroidManifest.xml:31:28-51
184                <action android:name="com.google.firebase.MESSAGING_EVENT" />
184-->[com.google.firebase:firebase-messaging:20.1.7] AndroidManifest.xml:32:17-78
184-->[com.google.firebase:firebase-messaging:20.1.7] AndroidManifest.xml:32:25-75
185            </intent-filter>
186        </service>
187
188        <provider
188-->[com.squareup.picasso:picasso:2.71828] AndroidManifest.xml:8:9-11:40
189            android:name="com.squareup.picasso.PicassoProvider"
189-->[com.squareup.picasso:picasso:2.71828] AndroidManifest.xml:9:13-64
190            android:authorities="tech.berjis.lynnescorts.com.squareup.picasso"
190-->[com.squareup.picasso:picasso:2.71828] AndroidManifest.xml:10:13-72
191            android:exported="false" />
191-->[com.squareup.picasso:picasso:2.71828] AndroidManifest.xml:11:13-37
192
193        <receiver
193-->[com.google.firebase:firebase-iid:20.1.7] AndroidManifest.xml:37:9-44:20
194            android:name="com.google.firebase.iid.FirebaseInstanceIdReceiver"
194-->[com.google.firebase:firebase-iid:20.1.7] AndroidManifest.xml:38:13-78
195            android:exported="true"
195-->[com.google.firebase:firebase-iid:20.1.7] AndroidManifest.xml:39:13-36
196            android:permission="com.google.android.c2dm.permission.SEND" >
196-->[com.google.firebase:firebase-iid:20.1.7] AndroidManifest.xml:40:13-73
197            <intent-filter>
197-->[com.google.firebase:firebase-iid:20.1.7] AndroidManifest.xml:41:13-43:29
198                <action android:name="com.google.android.c2dm.intent.RECEIVE" />
198-->[com.google.firebase:firebase-iid:20.1.7] AndroidManifest.xml:42:17-81
198-->[com.google.firebase:firebase-iid:20.1.7] AndroidManifest.xml:42:25-78
199            </intent-filter>
200        </receiver>
201
202        <activity
202-->[com.google.android.gms:play-services-base:17.1.0] AndroidManifest.xml:23:9-26:75
203            android:name="com.google.android.gms.common.api.GoogleApiActivity"
203-->[com.google.android.gms:play-services-base:17.1.0] AndroidManifest.xml:24:13-79
204            android:exported="false"
204-->[com.google.android.gms:play-services-base:17.1.0] AndroidManifest.xml:25:13-37
205            android:theme="@android:style/Theme.Translucent.NoTitleBar" />
205-->[com.google.android.gms:play-services-base:17.1.0] AndroidManifest.xml:26:13-72
206
207        <provider
207-->[com.google.firebase:firebase-common:19.3.0] AndroidManifest.xml:26:9-30:39
208            android:name="com.google.firebase.provider.FirebaseInitProvider"
208-->[com.google.firebase:firebase-common:19.3.0] AndroidManifest.xml:27:13-77
209            android:authorities="tech.berjis.lynnescorts.firebaseinitprovider"
209-->[com.google.firebase:firebase-common:19.3.0] AndroidManifest.xml:28:13-72
210            android:exported="false"
210-->[com.google.firebase:firebase-common:19.3.0] AndroidManifest.xml:29:13-37
211            android:initOrder="100" />
211-->[com.google.firebase:firebase-common:19.3.0] AndroidManifest.xml:30:13-36
212
213        <receiver
213-->[com.google.android.gms:play-services-measurement:17.4.1] AndroidManifest.xml:29:9-33:20
214            android:name="com.google.android.gms.measurement.AppMeasurementReceiver"
214-->[com.google.android.gms:play-services-measurement:17.4.1] AndroidManifest.xml:30:13-85
215            android:enabled="true"
215-->[com.google.android.gms:play-services-measurement:17.4.1] AndroidManifest.xml:31:13-35
216            android:exported="false" >
216-->[com.google.android.gms:play-services-measurement:17.4.1] AndroidManifest.xml:32:13-37
217        </receiver>
218
219        <service
219-->[com.google.android.gms:play-services-measurement:17.4.1] AndroidManifest.xml:35:9-38:40
220            android:name="com.google.android.gms.measurement.AppMeasurementService"
220-->[com.google.android.gms:play-services-measurement:17.4.1] AndroidManifest.xml:36:13-84
221            android:enabled="true"
221-->[com.google.android.gms:play-services-measurement:17.4.1] AndroidManifest.xml:37:13-35
222            android:exported="false" />
222-->[com.google.android.gms:play-services-measurement:17.4.1] AndroidManifest.xml:38:13-37
223        <service
223-->[com.google.android.gms:play-services-measurement:17.4.1] AndroidManifest.xml:39:9-43:72
224            android:name="com.google.android.gms.measurement.AppMeasurementJobService"
224-->[com.google.android.gms:play-services-measurement:17.4.1] AndroidManifest.xml:40:13-87
225            android:enabled="true"
225-->[com.google.android.gms:play-services-measurement:17.4.1] AndroidManifest.xml:41:13-35
226            android:exported="false"
226-->[com.google.android.gms:play-services-measurement:17.4.1] AndroidManifest.xml:42:13-37
227            android:permission="android.permission.BIND_JOB_SERVICE" />
227-->[com.google.android.gms:play-services-measurement:17.4.1] AndroidManifest.xml:43:13-69
228
229        <meta-data
229-->[com.google.android.gms:play-services-basement:17.0.0] AndroidManifest.xml:23:9-25:69
230            android:name="com.google.android.gms.version"
230-->[com.google.android.gms:play-services-basement:17.0.0] AndroidManifest.xml:24:13-58
231            android:value="@integer/google_play_services_version" />
231-->[com.google.android.gms:play-services-basement:17.0.0] AndroidManifest.xml:25:13-66
232
233        <service
233-->[com.google.android.datatransport:transport-backend-cct:2.2.0] AndroidManifest.xml:29:9-35:19
234            android:name="com.google.android.datatransport.runtime.backends.TransportBackendDiscovery"
234-->[com.google.android.datatransport:transport-backend-cct:2.2.0] AndroidManifest.xml:30:13-103
235            android:exported="false" >
235-->[com.google.android.datatransport:transport-backend-cct:2.2.0] AndroidManifest.xml:31:13-37
236            <meta-data
236-->[com.google.android.datatransport:transport-backend-cct:2.2.0] AndroidManifest.xml:32:13-34:39
237                android:name="backend:com.google.android.datatransport.cct.CctBackendFactory"
237-->[com.google.android.datatransport:transport-backend-cct:2.2.0] AndroidManifest.xml:33:17-94
238                android:value="cct" />
238-->[com.google.android.datatransport:transport-backend-cct:2.2.0] AndroidManifest.xml:34:17-36
239        </service>
240        <service
240-->[com.google.android.datatransport:transport-runtime:2.2.0] AndroidManifest.xml:26:9-30:19
241            android:name="com.google.android.datatransport.runtime.scheduling.jobscheduling.JobInfoSchedulerService"
241-->[com.google.android.datatransport:transport-runtime:2.2.0] AndroidManifest.xml:27:13-117
242            android:exported="false"
242-->[com.google.android.datatransport:transport-runtime:2.2.0] AndroidManifest.xml:28:13-37
243            android:permission="android.permission.BIND_JOB_SERVICE" >
243-->[com.google.android.datatransport:transport-runtime:2.2.0] AndroidManifest.xml:29:13-69
244        </service>
245
246        <receiver
246-->[com.google.android.datatransport:transport-runtime:2.2.0] AndroidManifest.xml:32:9-34:40
247            android:name="com.google.android.datatransport.runtime.scheduling.jobscheduling.AlarmManagerSchedulerBroadcastReceiver"
247-->[com.google.android.datatransport:transport-runtime:2.2.0] AndroidManifest.xml:33:13-132
248            android:exported="false" />
248-->[com.google.android.datatransport:transport-runtime:2.2.0] AndroidManifest.xml:34:13-37
249
250        <provider
250-->[androidx.lifecycle:lifecycle-process:2.0.0] AndroidManifest.xml:23:9-27:43
251            android:name="androidx.lifecycle.ProcessLifecycleOwnerInitializer"
251-->[androidx.lifecycle:lifecycle-process:2.0.0] AndroidManifest.xml:24:13-79
252            android:authorities="tech.berjis.lynnescorts.lifecycle-process"
252-->[androidx.lifecycle:lifecycle-process:2.0.0] AndroidManifest.xml:25:13-69
253            android:exported="false"
253-->[androidx.lifecycle:lifecycle-process:2.0.0] AndroidManifest.xml:26:13-37
254            android:multiprocess="true" />
254-->[androidx.lifecycle:lifecycle-process:2.0.0] AndroidManifest.xml:27:13-40
255    </application>
256
257</manifest>